d:\projects\pixelstrikeinternal\build\intermediate\vc142.pdb
d:\projects\pixelstrikeinternal\build\intermediate\backend.obj
d:\projects\pixelstrikeinternal\build\intermediate\signatures.obj
d:\projects\pixelstrikeinternal\build\intermediate\helper.obj
d:\projects\pixelstrikeinternal\build\intermediate\obfuscators.obj
d:\projects\pixelstrikeinternal\build\intermediate\_template_api.obj
d:\projects\pixelstrikeinternal\build\intermediate\transform.obj
d:\projects\pixelstrikeinternal\build\intermediate\rigidbody.obj
d:\projects\pixelstrikeinternal\build\intermediate\object.obj
d:\projects\pixelstrikeinternal\build\intermediate\layermask.obj
d:\projects\pixelstrikeinternal\build\intermediate\gameobject.obj
d:\projects\pixelstrikeinternal\build\intermediate\component.obj
d:\projects\pixelstrikeinternal\build\intermediate\camera.obj
d:\projects\pixelstrikeinternal\build\intermediate\il2cpp_resolver.obj
d:\projects\pixelstrikeinternal\build\intermediate\thread.obj
d:\projects\pixelstrikeinternal\build\intermediate\string.obj
d:\projects\pixelstrikeinternal\build\intermediate\class.obj
d:\projects\pixelstrikeinternal\build\intermediate\callback.obj
d:\projects\pixelstrikeinternal\build\intermediate\data.obj
d:\projects\pixelstrikeinternal\build\intermediate\cache.obj
d:\projects\pixelstrikeinternal\build\intermediate\hooks.obj
d:\projects\pixelstrikeinternal\build\intermediate\dllmain.obj
d:\projects\pixelstrikeinternal\build\intermediate\imgui_widgets.obj
d:\projects\pixelstrikeinternal\build\intermediate\imgui_tables.obj
d:\projects\pixelstrikeinternal\build\intermediate\imgui_impl_win32.obj
d:\projects\pixelstrikeinternal\build\intermediate\imgui_impl_dx11.obj
d:\projects\pixelstrikeinternal\build\intermediate\imgui_draw.obj
d:\projects\pixelstrikeinternal\build\intermediate\imgui_demo.obj
d:\projects\pixelstrikeinternal\build\intermediate\imgui.obj
d:\projects\pixelstrikeinternal\build\dx11hook.dll
d:\projects\pixelstrikeinternal\build\intermediate\dx11hook.ipdb
d:\projects\pixelstrikeinternal\build\intermediate\dx11hook.iobj
d:\projects\pixelstrikeinternal\build\dx11hook.pdb
d:\projects\pixelstrikeinternal\build\intermediate\dx11hook.tlog\cl.command.1.tlog
d:\projects\pixelstrikeinternal\build\intermediate\dx11hook.tlog\cl.read.1.tlog
d:\projects\pixelstrikeinternal\build\intermediate\dx11hook.tlog\cl.write.1.tlog
d:\projects\pixelstrikeinternal\build\intermediate\dx11hook.tlog\link.command.1.tlog
d:\projects\pixelstrikeinternal\build\intermediate\dx11hook.tlog\link.read.1.tlog
d:\projects\pixelstrikeinternal\build\intermediate\dx11hook.tlog\link.write.1.tlog
